INFO: 2021-10-16 11:01:20,217: main() 'Using profile folder /home/zss/.config/variety/'
INFO: 2021-10-16 11:01:20,221: perform_upgrade() 'Last run version was 0.8.5 or earlier, current version is 0.8.5'
INFO: 2021-10-16 11:01:20,504: process_command() 'Received command: []'
INFO: 2021-10-16 11:01:20,506: load_banned() 'Missing or invalid banned URLs list, no URLs will be banned'
INFO: 2021-10-16 11:01:20,528: start() 'Using data_path /usr/share/variety'
INFO: 2021-10-16 11:01:20,528: load() 'Jumble loading'
INFO: 2021-10-16 11:01:20,529: _walk_modules() 'Jumble loading module in __init__ from /usr/lib/python3/dist-packages/variety/plugins/builtin/__init__.py'
INFO: 2021-10-16 11:01:20,530: _walk_modules() 'Jumble loading module in RedditSource from /usr/lib/python3/dist-packages/variety/plugins/builtin/downloaders/RedditSource.py'
INFO: 2021-10-16 11:01:20,531: load() 'Jumble found plugin class: <class 'RedditSource.RedditSource'>: {'name': 'RedditSource', 'description': 'Configurable source for fetching images from Reddit', 'author': 'Peter Levi', 'version': '0.1'}'
INFO: 2021-10-16 11:01:20,532: _walk_modules() 'Jumble loading module in MediaRSSDownloader from /usr/lib/python3/dist-packages/variety/plugins/builtin/downloaders/MediaRSSDownloader.py'
INFO: 2021-10-16 11:01:20,533: _walk_modules() 'Jumble loading module in EarthviewDownloader from /usr/lib/python3/dist-packages/variety/plugins/builtin/downloaders/EarthviewDownloader.py'
INFO: 2021-10-16 11:01:20,533: load() 'Jumble found plugin class: <class 'EarthviewDownloader.EarthviewDownloader'>: {'name': 'EarthviewDownloader', 'description': 'Google Earth View Wallpapers', 'author': 'Peter Levi', 'version': '0.1'}'
INFO: 2021-10-16 11:01:20,533: _walk_modules() 'Jumble loading module in __init__ from /usr/lib/python3/dist-packages/variety/plugins/builtin/downloaders/__init__.py'
INFO: 2021-10-16 11:01:20,534: _walk_modules() 'Jumble loading module in RedditDownloader from /usr/lib/python3/dist-packages/variety/plugins/builtin/downloaders/RedditDownloader.py'
INFO: 2021-10-16 11:01:20,534: _walk_modules() 'Jumble loading module in MediaRSSSource from /usr/lib/python3/dist-packages/variety/plugins/builtin/downloaders/MediaRSSSource.py'
INFO: 2021-10-16 11:01:20,535: load() 'Jumble found plugin class: <class 'MediaRSSSource.MediaRSSSource'>: {'name': 'MediaRSSSource', 'description': 'Configurable source for fetching images from MediaRSS feeds', 'author': 'Peter Levi', 'version': '0.1'}'
INFO: 2021-10-16 11:01:20,535: _walk_modules() 'Jumble loading module in WallhavenSource from /usr/lib/python3/dist-packages/variety/plugins/builtin/downloaders/WallhavenSource.py'
INFO: 2021-10-16 11:01:20,536: load() 'Jumble found plugin class: <class 'WallhavenSource.WallhavenSource'>: {'name': 'WallhavenSource', 'description': 'Configurable source for fetching images from Wallhaven.cc', 'author': 'Peter Levi', 'version': '0.1'}'
INFO: 2021-10-16 11:01:20,537: _walk_modules() 'Jumble loading module in BingDownloader from /usr/lib/python3/dist-packages/variety/plugins/builtin/downloaders/BingDownloader.py'
INFO: 2021-10-16 11:01:20,537: load() 'Jumble found plugin class: <class 'BingDownloader.BingDownloader'>: {'name': 'BingDownloader', 'description': 'Bing Photo of the Day', 'author': 'Peter Levi', 'version': '0.1'}'
INFO: 2021-10-16 11:01:20,538: _walk_modules() 'Jumble loading module in UnsplashConfigurableSource from /usr/lib/python3/dist-packages/variety/plugins/builtin/downloaders/UnsplashConfigurableSource.py'
INFO: 2021-10-16 11:01:20,539: load() 'Jumble found plugin class: <class 'UnsplashConfigurableSource.UnsplashConfigurableSource'>: {'name': 'UnsplashConfigurableSource', 'description': 'Configurable source for fetching photos from Unsplash.com', 'author': 'Peter Levi', 'version': '0.1'}'
INFO: 2021-10-16 11:01:20,539: _walk_modules() 'Jumble loading module in APODDownloader from /usr/lib/python3/dist-packages/variety/plugins/builtin/downloaders/APODDownloader.py'
INFO: 2021-10-16 11:01:20,540: load() 'Jumble found plugin class: <class 'APODDownloader.APODDownloader'>: {'name': 'APODDownloader', 'description': 'NASA Astro Pic of the Day', 'author': 'Peter Levi', 'version': '0.1'}'
INFO: 2021-10-16 11:01:20,540: _walk_modules() 'Jumble loading module in WallhavenDownloader from /usr/lib/python3/dist-packages/variety/plugins/builtin/downloaders/WallhavenDownloader.py'
INFO: 2021-10-16 11:01:20,541: _walk_modules() 'Jumble loading module in UnsplashDownloader from /usr/lib/python3/dist-packages/variety/plugins/builtin/downloaders/UnsplashDownloader.py'
INFO: 2021-10-16 11:01:20,541: load() 'Jumble found plugin class: <class 'UnsplashDownloader.UnsplashDownloader'>: {'name': 'UnsplashDownloader', 'description': 'High-resolution photos from Unsplash.com', 'author': 'Peter Levi', 'version': '0.1'}'
INFO: 2021-10-16 11:01:20,542: _walk_modules() 'Jumble loading module in FortuneSource from /usr/lib/python3/dist-packages/variety/plugins/builtin/quotes/FortuneSource.py'
INFO: 2021-10-16 11:01:20,542: load() 'Jumble found plugin class: <class 'FortuneSource.FortuneSource'>: {'name': 'UNIX fortune program', 'description': 'Displays quotes using the UNIX fortune program. You may want to install additional fortune packs, e.g. fortunes-bofh-excuses.', 'author': 'Dan Jones', 'version': '0.1'}'
INFO: 2021-10-16 11:01:20,542: _walk_modules() 'Jumble loading module in __init__ from /usr/lib/python3/dist-packages/variety/plugins/builtin/quotes/__init__.py'
INFO: 2021-10-16 11:01:20,543: _walk_modules() 'Jumble loading module in LocalFilesSource from /usr/lib/python3/dist-packages/variety/plugins/builtin/quotes/LocalFilesSource.py'
INFO: 2021-10-16 11:01:20,543: load() 'Jumble found plugin class: <class 'LocalFilesSource.LocalFilesSource'>: {'name': 'Local text files', 'description': 'Displays quotes, defined in local text files.\nPut your own txt files in: ~/.config/variety/pluginconfig/quotes/.\nThe file format is:\n\nquote -- author\n.\nsecond quote -- another author\n.\netc...\n\nExample: http://rvelthuis.de/zips/quotes.txt', 'author': 'Peter Levi', 'version': '0.1'}'
INFO: 2021-10-16 11:01:20,544: _walk_modules() 'Jumble loading module in GoodreadsSource from /usr/lib/python3/dist-packages/variety/plugins/builtin/quotes/GoodreadsSource.py'
INFO: 2021-10-16 11:01:20,547: load() 'Jumble found plugin class: <class 'GoodreadsSource.GoodreadsSource'>: {'name': 'Goodreads', 'description': '从 Goodreads.com 获取箴言', 'author': 'Peter Levi', 'version': '0.1'}'
INFO: 2021-10-16 11:01:20,548: _walk_modules() 'Jumble loading module in QuotationsPageSource from /usr/lib/python3/dist-packages/variety/plugins/builtin/quotes/QuotationsPageSource.py'
INFO: 2021-10-16 11:01:20,548: load() 'Jumble found plugin class: <class 'QuotationsPageSource.QuotationsPageSource'>: {'name': 'TheQuotationsPage.com', 'description': '从 QuotationsPage.com 获取箴言', 'author': 'Peter Levi', 'version': '0.1'}'
INFO: 2021-10-16 11:01:20,549: _walk_modules() 'Jumble loading module in UrbanDictionarySource from /usr/lib/python3/dist-packages/variety/plugins/builtin/quotes/UrbanDictionarySource.py'
INFO: 2021-10-16 11:01:20,549: load() 'Jumble found plugin class: <class 'UrbanDictionarySource.UrbanDictionarySource'>: {'name': 'Urban Dictionary', 'description': 'Displays definitions from Urban Dictionary', 'author': 'James Miller', 'version': '0.1'}'
INFO: 2021-10-16 11:01:20,554: log_options() 'Loaded options:'
INFO: 2021-10-16 11:01:20,554: log_options() 'change_enabled = False'
INFO: 2021-10-16 11:01:20,554: log_options() 'change_interval = 300'
INFO: 2021-10-16 11:01:20,554: log_options() 'change_on_start = False'
INFO: 2021-10-16 11:01:20,554: log_options() 'clipboard_enabled = False'
INFO: 2021-10-16 11:01:20,554: log_options() 'clipboard_hosts = ['wallhaven.cc', 'wallpapers.net', 'flickr.com', 'imgur.com', 'deviantart.com', 'interfacelift.com', 'vladstudio.com', 'imageshack.us', 'deviantart.net', 'imageshack.com']'
INFO: 2021-10-16 11:01:20,554: log_options() 'clipboard_use_whitelist = True'
INFO: 2021-10-16 11:01:20,554: log_options() 'clock_date_font = Ubuntu Condensed, 30'
INFO: 2021-10-16 11:01:20,554: log_options() 'clock_enabled = False'
INFO: 2021-10-16 11:01:20,554: log_options() 'clock_filter = -density 100 -font `fc-match -f '%{file[0]}' '%CLOCK_FONT_NAME'` -pointsize %CLOCK_FONT_SIZE -gravity SouthEast -fill '#00000044' -annotate 0x0+[%HOFFSET+58]+[%VOFFSET+108] '%H:%M' -fill white -annotate 0x0+[%HOFFSET+60]+[%VOFFSET+110] '%H:%M' -font `fc-match -f '%{file[0]}' '%DATE_FONT_NAME'` -pointsize %DATE_FONT_SIZE -fill '#00000044' -annotate 0x0+[%HOFFSET+58]+[%VOFFSET+58] '%A, %B %d' -fill white -annotate 0x0+[%HOFFSET+60]+[%VOFFSET+60] '%A, %B %d''
INFO: 2021-10-16 11:01:20,554: log_options() 'clock_font = Ubuntu Condensed, 70'
INFO: 2021-10-16 11:01:20,554: log_options() 'configfile = /home/zss/.config/variety/variety.conf'
INFO: 2021-10-16 11:01:20,554: log_options() 'copyto_enabled = False'
INFO: 2021-10-16 11:01:20,554: log_options() 'copyto_folder = Default'
INFO: 2021-10-16 11:01:20,554: log_options() 'desired_color = [160, 160, 160]'
INFO: 2021-10-16 11:01:20,554: log_options() 'desired_color_enabled = False'
INFO: 2021-10-16 11:01:20,554: log_options() 'download_folder = /home/zss/.config/variety/Downloaded'
INFO: 2021-10-16 11:01:20,554: log_options() 'download_preference_ratio = 0.9'
INFO: 2021-10-16 11:01:20,554: log_options() 'favorites_folder = /home/zss/.config/variety/Favorites'
INFO: 2021-10-16 11:01:20,554: log_options() 'favorites_operations = [['Downloaded', 'Copy'], ['Fetched', 'Move'], ['Others', 'Copy']]'
INFO: 2021-10-16 11:01:20,554: log_options() 'fetched_folder = /home/zss/.config/variety/Fetched'
INFO: 2021-10-16 11:01:20,555: log_options() 'filters = [[False, 'Keep original', ''], [False, 'Grayscale', '-type Grayscale'], [False, 'Heavy blur', '-blur 120x40'], [False, 'Soft blur', '-blur 20x7'], [False, 'Oil painting', '-paint 8'], [False, 'Pointilism', '-spread 10 -noise 3'], [False, 'Pixellate', '-scale 3% -scale 3333%']]'
INFO: 2021-10-16 11:01:20,555: log_options() 'icon = Light'
INFO: 2021-10-16 11:01:20,555: log_options() 'lightness_enabled = False'
INFO: 2021-10-16 11:01:20,555: log_options() 'lightness_mode = 0'
INFO: 2021-10-16 11:01:20,555: log_options() 'min_rating = 4'
INFO: 2021-10-16 11:01:20,555: log_options() 'min_rating_enabled = False'
INFO: 2021-10-16 11:01:20,555: log_options() 'min_size = 80'
INFO: 2021-10-16 11:01:20,555: log_options() 'min_size_enabled = False'
INFO: 2021-10-16 11:01:20,555: log_options() 'quota_enabled = True'
INFO: 2021-10-16 11:01:20,555: log_options() 'quota_size = 1000'
INFO: 2021-10-16 11:01:20,555: log_options() 'quotes_authors = '
INFO: 2021-10-16 11:01:20,555: log_options() 'quotes_bg_color = [80, 80, 80]'
INFO: 2021-10-16 11:01:20,555: log_options() 'quotes_bg_opacity = 55'
INFO: 2021-10-16 11:01:20,555: log_options() 'quotes_change_enabled = False'
INFO: 2021-10-16 11:01:20,555: log_options() 'quotes_change_interval = 300'
INFO: 2021-10-16 11:01:20,555: log_options() 'quotes_disabled_sources = ['Urban Dictionary']'
INFO: 2021-10-16 11:01:20,555: log_options() 'quotes_enabled = False'
INFO: 2021-10-16 11:01:20,555: log_options() 'quotes_favorites_file = /home/zss/.config/variety/favorite_quotes.txt'
INFO: 2021-10-16 11:01:20,555: log_options() 'quotes_font = Bitstream Charter 30'
INFO: 2021-10-16 11:01:20,555: log_options() 'quotes_hpos = 100'
INFO: 2021-10-16 11:01:20,555: log_options() 'quotes_max_length = 250'
INFO: 2021-10-16 11:01:20,555: log_options() 'quotes_tags = '
INFO: 2021-10-16 11:01:20,555: log_options() 'quotes_text_color = [255, 255, 255]'
INFO: 2021-10-16 11:01:20,555: log_options() 'quotes_text_shadow = False'
INFO: 2021-10-16 11:01:20,555: log_options() 'quotes_vpos = 40'
INFO: 2021-10-16 11:01:20,555: log_options() 'quotes_width = 70'
INFO: 2021-10-16 11:01:20,555: log_options() 'safe_mode = False'
INFO: 2021-10-16 11:01:20,555: log_options() 'slideshow_custom_enabled = False'
INFO: 2021-10-16 11:01:20,555: log_options() 'slideshow_custom_folder = /home/zss/图片'
INFO: 2021-10-16 11:01:20,555: log_options() 'slideshow_downloads_enabled = False'
INFO: 2021-10-16 11:01:20,555: log_options() 'slideshow_fade = 0.4'
INFO: 2021-10-16 11:01:20,555: log_options() 'slideshow_favorites_enabled = True'
INFO: 2021-10-16 11:01:20,555: log_options() 'slideshow_mode = Fullscreen'
INFO: 2021-10-16 11:01:20,555: log_options() 'slideshow_monitor = All'
INFO: 2021-10-16 11:01:20,555: log_options() 'slideshow_pan = 0.05'
INFO: 2021-10-16 11:01:20,555: log_options() 'slideshow_seconds = 6.0'
INFO: 2021-10-16 11:01:20,555: log_options() 'slideshow_sort_order = Random'
INFO: 2021-10-16 11:01:20,555: log_options() 'slideshow_sources_enabled = True'
INFO: 2021-10-16 11:01:20,555: log_options() 'slideshow_zoom = 0.2'
INFO: 2021-10-16 11:01:20,555: log_options() 'smart_enabled = False'
INFO: 2021-10-16 11:01:20,555: log_options() 'smart_notice_shown = False'
INFO: 2021-10-16 11:01:20,555: log_options() 'smart_register_shown = False'
INFO: 2021-10-16 11:01:20,555: log_options() 'sources = [[False, 'favorites', 'The Favorites folder'], [False, 'fetched', 'The Fetched folder'], [False, 'folder', '/usr/share/backgrounds'], [False, 'flickr', 'user:www.flickr.com/photos/peter-levi/;user_id:93647178@N00;'], [False, 'apod', "NASA's Astronomy Picture of the Day"], [False, 'bing', 'Bing Photo of the Day'], [False, 'earthview', 'Google Earth View Wallpapers'], [False, 'unsplash', 'High-resolution photos from Unsplash.com'], [True, 'folder', '/home/zss/图片/壁纸/浏览器']]'
INFO: 2021-10-16 11:01:20,555: log_options() 'stats_enabled = True'
INFO: 2021-10-16 11:01:20,555: log_options() 'stats_notice_shown = False'
INFO: 2021-10-16 11:01:20,555: log_options() 'sync_enabled = True'
INFO: 2021-10-16 11:01:20,555: log_options() 'use_landscape_enabled = True'
INFO: 2021-10-16 11:01:20,555: reload_config() 'No need to clear prepared queue'
INFO: 2021-10-16 11:01:20,556: update_indicator() 'Setting file info to: /home/zss/图片/壁纸/浏览器/792a4b6934fc491b81342206e3192e59.png'
INFO: 2021-10-16 11:01:20,646: load_last_change_time() 'Change interval < 6 hours, ignore persisted last_change_time, wait initially the whole interval: 300'
INFO: 2021-10-16 11:01:20,646: update_indicator() 'Setting file info to: /home/zss/图片/壁纸/浏览器/792a4b6934fc491b81342206e3192e59.png'
INFO: 2021-10-16 11:01:20,648: regular_change_thread() 'regular_change thread running'
INFO: 2021-10-16 11:01:20,649: regular_change_thread() 'regular_change: waiting till user resumes'
INFO: 2021-10-16 11:01:20,649: prepare_thread() 'Prepare thread running'
INFO: 2021-10-16 11:01:20,649: prepare_thread() 'Prepared buffer contains 0 images'
INFO: 2021-10-16 11:01:20,649: prepare_thread() 'Preparing some images'
INFO: 2021-10-16 11:01:20,650: update_indicator_icon() 'Creating indicator'
WARNING: 2021-10-16 11:01:20,700: create_menu() 'Variety Slideshow is not installed. This is an optional extension adding pan-and-zoom slideshows to Variety: see https://github.com/peterlevi/variety-slideshow for details'
INFO: 2021-10-16 11:01:20,701: create_indicator() 'indicator backend: AyatanaAppIndicator3'
INFO: 2021-10-16 11:01:20,728: set_from_theme_icon() 'Showing indicator icon variety-indicator from GTK theme'
INFO: 2021-10-16 11:01:20,747: do_set_wp() 'Calling do_set_wp with /home/zss/图片/壁纸/浏览器/792a4b6934fc491b81342206e3192e59.png, time: 1634353280.7473652'
ERROR: 2021-10-16 11:01:20,746: image_ok() 'Error in image_ok for file /home/zss/图片/壁纸/浏览器/ea581833bb3743ce9dde81e4531e2fbd.png'
Traceback (most recent call last):
  File "/usr/lib/python3/dist-packages/variety/VarietyWindow.py", line 1758, in image_ok
    i = PILImage.open(img)
  File "/usr/lib/python3/dist-packages/PIL/Image.py", line 2958, in open
    raise UnidentifiedImageError(
PIL.UnidentifiedImageError: cannot identify image file '/home/zss/图片/壁纸/浏览器/ea581833bb3743ce9dde81e4531e2fbd.png'
INFO: 2021-10-16 11:01:20,754: update_indicator() 'Setting file info to: /home/zss/图片/壁纸/浏览器/792a4b6934fc491b81342206e3192e59.png'
INFO: 2021-10-16 11:01:20,755: prepare_thread() 'After search prepared buffer contains 50 images'
INFO: 2021-10-16 11:01:20,757: list_files() 'More than 1 files in the folders, stop listing'
INFO: 2021-10-16 11:01:21,997: reload() 'Reloading preferences dialog'
INFO: 2021-10-16 11:01:22,756: trigger_download() 'Triggering download thread to check if download needed'
INFO: 2021-10-16 11:01:40,669: server_options_thread() 'Fetching server options from http://tiny.cc/variety-options-063'
ERROR: 2021-10-16 11:01:45,696: server_options_thread() 'Could not fetch Variety serverside options'
Traceback (most recent call last):
  File "/usr/lib/python3/dist-packages/urllib3/connection.py", line 169, in _new_conn
    conn = connection.create_connection(
  File "/usr/lib/python3/dist-packages/urllib3/util/connection.py", line 96, in create_connection
    raise err
  File "/usr/lib/python3/dist-packages/urllib3/util/connection.py", line 86, in create_connection
    sock.connect(sa)
OSError: [Errno 101] 网络不可达

During handling of the above exception, another exception occurred:

Traceback (most recent call last):
  File "/usr/lib/python3/dist-packages/urllib3/connectionpool.py", line 699, in urlopen
    httplib_response = self._make_request(
  File "/usr/lib/python3/dist-packages/urllib3/connectionpool.py", line 394, in _make_request
    conn.request(method, url, **httplib_request_kw)
  File "/usr/lib/python3/dist-packages/urllib3/connection.py", line 234, in request
    super(HTTPConnection, self).request(method, url, body=body, headers=headers)
  File "/usr/lib/python3.9/http/client.py", line 1279, in request
    self._send_request(method, url, body, headers, encode_chunked)
  File "/usr/lib/python3.9/http/client.py", line 1325, in _send_request
    self.endheaders(body, encode_chunked=encode_chunked)
  File "/usr/lib/python3.9/http/client.py", line 1274, in endheaders
    self._send_output(message_body, encode_chunked=encode_chunked)
  File "/usr/lib/python3.9/http/client.py", line 1034, in _send_output
    self.send(msg)
  File "/usr/lib/python3.9/http/client.py", line 974, in send
    self.connect()
  File "/usr/lib/python3/dist-packages/urllib3/connection.py", line 200, in connect
    conn = self._new_conn()
  File "/usr/lib/python3/dist-packages/urllib3/connection.py", line 181, in _new_conn
    raise NewConnectionError(
urllib3.exceptions.NewConnectionError: <urllib3.connection.HTTPConnection object at 0x7fe37c240130>: Failed to establish a new connection: [Errno 101] 网络不可达

During handling of the above exception, another exception occurred:

Traceback (most recent call last):
  File "/usr/local/lib/python3.9/dist-packages/requests/adapters.py", line 439, in send
    resp = conn.urlopen(
  File "/usr/lib/python3/dist-packages/urllib3/connectionpool.py", line 755, in urlopen
    retries = retries.increment(
  File "/usr/lib/python3/dist-packages/urllib3/util/retry.py", line 574, in increment
    raise MaxRetryError(_pool, url, error or ResponseError(cause))
urllib3.exceptions.MaxRetryError: HTTPConnectionPool(host='tiny.cc', port=80): Max retries exceeded with url: /variety-options-063 (Caused by NewConnectionError('<urllib3.connection.HTTPConnection object at 0x7fe37c240130>: Failed to establish a new connection: [Errno 101] 网络不可达'))

During handling of the above exception, another exception occurred:

Traceback (most recent call last):
  File "/usr/lib/python3/dist-packages/variety/VarietyWindow.py", line 1086, in server_options_thread
    self.server_options = Util.fetch_json(VarietyWindow.SERVERSIDE_OPTIONS_URL)
  File "/usr/lib/python3/dist-packages/variety/Util.py", line 644, in fetch_json
    return Util.request(url, data, **request_kwargs).json()
  File "/usr/lib/python3/dist-packages/variety/Util.py", line 614, in request
    r = requests.request(
  File "/usr/local/lib/python3.9/dist-packages/requests/api.py", line 61, in request
    return session.request(method=method, url=url, **kwargs)
  File "/usr/local/lib/python3.9/dist-packages/requests/sessions.py", line 542, in request
    resp = self.send(prep, **send_kwargs)
  File "/usr/local/lib/python3.9/dist-packages/requests/sessions.py", line 655, in send
    r = adapter.send(request, **kwargs)
  File "/usr/local/lib/python3.9/dist-packages/requests/adapters.py", line 516, in send
    raise ConnectionError(e, request=request)
requests.exceptions.ConnectionError: HTTPConnectionPool(host='tiny.cc', port=80): Max retries exceeded with url: /variety-options-063 (Caused by NewConnectionError('<urllib3.connection.HTTPConnection object at 0x7fe37c240130>: Failed to establish a new connection: [Errno 101] 网络不可达'))
INFO: 2021-10-16 11:02:15,728: server_options_thread() 'Fetching server options from http://tiny.cc/variety-options-063'
ERROR: 2021-10-16 11:02:20,788: server_options_thread() 'Could not fetch Variety serverside options'
Traceback (most recent call last):
  File "/usr/lib/python3/dist-packages/urllib3/connection.py", line 169, in _new_conn
    conn = connection.create_connection(
  File "/usr/lib/python3/dist-packages/urllib3/util/connection.py", line 96, in create_connection
    raise err
  File "/usr/lib/python3/dist-packages/urllib3/util/connection.py", line 86, in create_connection
    sock.connect(sa)
OSError: [Errno 101] 网络不可达

During handling of the above exception, another exception occurred:

Traceback (most recent call last):
  File "/usr/lib/python3/dist-packages/urllib3/connectionpool.py", line 699, in urlopen
    httplib_response = self._make_request(
  File "/usr/lib/python3/dist-packages/urllib3/connectionpool.py", line 394, in _make_request
    conn.request(method, url, **httplib_request_kw)
  File "/usr/lib/python3/dist-packages/urllib3/connection.py", line 234, in request
    super(HTTPConnection, self).request(method, url, body=body, headers=headers)
  File "/usr/lib/python3.9/http/client.py", line 1279, in request
    self._send_request(method, url, body, headers, encode_chunked)
  File "/usr/lib/python3.9/http/client.py", line 1325, in _send_request
    self.endheaders(body, encode_chunked=encode_chunked)
  File "/usr/lib/python3.9/http/client.py", line 1274, in endheaders
    self._send_output(message_body, encode_chunked=encode_chunked)
  File "/usr/lib/python3.9/http/client.py", line 1034, in _send_output
    self.send(msg)
  File "/usr/lib/python3.9/http/client.py", line 974, in send
    self.connect()
  File "/usr/lib/python3/dist-packages/urllib3/connection.py", line 200, in connect
    conn = self._new_conn()
  File "/usr/lib/python3/dist-packages/urllib3/connection.py", line 181, in _new_conn
    raise NewConnectionError(
urllib3.exceptions.NewConnectionError: <urllib3.connection.HTTPConnection object at 0x7fe37c240a30>: Failed to establish a new connection: [Errno 101] 网络不可达

During handling of the above exception, another exception occurred:

Traceback (most recent call last):
  File "/usr/local/lib/python3.9/dist-packages/requests/adapters.py", line 439, in send
    resp = conn.urlopen(
  File "/usr/lib/python3/dist-packages/urllib3/connectionpool.py", line 755, in urlopen
    retries = retries.increment(
  File "/usr/lib/python3/dist-packages/urllib3/util/retry.py", line 574, in increment
    raise MaxRetryError(_pool, url, error or ResponseError(cause))
urllib3.exceptions.MaxRetryError: HTTPConnectionPool(host='tiny.cc', port=80): Max retries exceeded with url: /variety-options-063 (Caused by NewConnectionError('<urllib3.connection.HTTPConnection object at 0x7fe37c240a30>: Failed to establish a new connection: [Errno 101] 网络不可达'))

During handling of the above exception, another exception occurred:

Traceback (most recent call last):
  File "/usr/lib/python3/dist-packages/variety/VarietyWindow.py", line 1086, in server_options_thread
    self.server_options = Util.fetch_json(VarietyWindow.SERVERSIDE_OPTIONS_URL)
  File "/usr/lib/python3/dist-packages/variety/Util.py", line 644, in fetch_json
    return Util.request(url, data, **request_kwargs).json()
  File "/usr/lib/python3/dist-packages/variety/Util.py", line 614, in request
    r = requests.request(
  File "/usr/local/lib/python3.9/dist-packages/requests/api.py", line 61, in request
    return session.request(method=method, url=url, **kwargs)
  File "/usr/local/lib/python3.9/dist-packages/requests/sessions.py", line 542, in request
    resp = self.send(prep, **send_kwargs)
  File "/usr/local/lib/python3.9/dist-packages/requests/sessions.py", line 655, in send
    r = adapter.send(request, **kwargs)
  File "/usr/local/lib/python3.9/dist-packages/requests/adapters.py", line 516, in send
    raise ConnectionError(e, request=request)
requests.exceptions.ConnectionError: HTTPConnectionPool(host='tiny.cc', port=80): Max retries exceeded with url: /variety-options-063 (Caused by NewConnectionError('<urllib3.connection.HTTPConnection object at 0x7fe37c240a30>: Failed to establish a new connection: [Errno 101] 网络不可达'))
INFO: 2021-10-16 11:02:50,818: server_options_thread() 'Fetching server options from http://tiny.cc/variety-options-063'
ERROR: 2021-10-16 11:02:56,296: server_options_thread() 'Could not fetch Variety serverside options'
Traceback (most recent call last):
  File "/usr/lib/python3/dist-packages/urllib3/connection.py", line 169, in _new_conn
    conn = connection.create_connection(
  File "/usr/lib/python3/dist-packages/urllib3/util/connection.py", line 96, in create_connection
    raise err
  File "/usr/lib/python3/dist-packages/urllib3/util/connection.py", line 86, in create_connection
    sock.connect(sa)
OSError: [Errno 101] 网络不可达

During handling of the above exception, another exception occurred:

Traceback (most recent call last):
  File "/usr/lib/python3/dist-packages/urllib3/connectionpool.py", line 699, in urlopen
    httplib_response = self._make_request(
  File "/usr/lib/python3/dist-packages/urllib3/connectionpool.py", line 394, in _make_request
    conn.request(method, url, **httplib_request_kw)
  File "/usr/lib/python3/dist-packages/urllib3/connection.py", line 234, in request
    super(HTTPConnection, self).request(method, url, body=body, headers=headers)
  File "/usr/lib/python3.9/http/client.py", line 1279, in request
    self._send_request(method, url, body, headers, encode_chunked)
  File "/usr/lib/python3.9/http/client.py", line 1325, in _send_request
    self.endheaders(body, encode_chunked=encode_chunked)
  File "/usr/lib/python3.9/http/client.py", line 1274, in endheaders
    self._send_output(message_body, encode_chunked=encode_chunked)
  File "/usr/lib/python3.9/http/client.py", line 1034, in _send_output
    self.send(msg)
  File "/usr/lib/python3.9/http/client.py", line 974, in send
    self.connect()
  File "/usr/lib/python3/dist-packages/urllib3/connection.py", line 200, in connect
    conn = self._new_conn()
  File "/usr/lib/python3/dist-packages/urllib3/connection.py", line 181, in _new_conn
    raise NewConnectionError(
urllib3.exceptions.NewConnectionError: <urllib3.connection.HTTPConnection object at 0x7fe37c196280>: Failed to establish a new connection: [Errno 101] 网络不可达

During handling of the above exception, another exception occurred:

Traceback (most recent call last):
  File "/usr/local/lib/python3.9/dist-packages/requests/adapters.py", line 439, in send
    resp = conn.urlopen(
  File "/usr/lib/python3/dist-packages/urllib3/connectionpool.py", line 755, in urlopen
    retries = retries.increment(
  File "/usr/lib/python3/dist-packages/urllib3/util/retry.py", line 574, in increment
    raise MaxRetryError(_pool, url, error or ResponseError(cause))
urllib3.exceptions.MaxRetryError: HTTPConnectionPool(host='tiny.cc', port=80): Max retries exceeded with url: /variety-options-063 (Caused by NewConnectionError('<urllib3.connection.HTTPConnection object at 0x7fe37c196280>: Failed to establish a new connection: [Errno 101] 网络不可达'))

During handling of the above exception, another exception occurred:

Traceback (most recent call last):
  File "/usr/lib/python3/dist-packages/variety/VarietyWindow.py", line 1086, in server_options_thread
    self.server_options = Util.fetch_json(VarietyWindow.SERVERSIDE_OPTIONS_URL)
  File "/usr/lib/python3/dist-packages/variety/Util.py", line 644, in fetch_json
    return Util.request(url, data, **request_kwargs).json()
  File "/usr/lib/python3/dist-packages/variety/Util.py", line 614, in request
    r = requests.request(
  File "/usr/local/lib/python3.9/dist-packages/requests/api.py", line 61, in request
    return session.request(method=method, url=url, **kwargs)
  File "/usr/local/lib/python3.9/dist-packages/requests/sessions.py", line 542, in request
    resp = self.send(prep, **send_kwargs)
  File "/usr/local/lib/python3.9/dist-packages/requests/sessions.py", line 655, in send
    r = adapter.send(request, **kwargs)
  File "/usr/local/lib/python3.9/dist-packages/requests/adapters.py", line 516, in send
    raise ConnectionError(e, request=request)
requests.exceptions.ConnectionError: HTTPConnectionPool(host='tiny.cc', port=80): Max retries exceeded with url: /variety-options-063 (Caused by NewConnectionError('<urllib3.connection.HTTPConnection object at 0x7fe37c196280>: Failed to establish a new connection: [Errno 101] 网络不可达'))
INFO: 2021-10-16 11:03:26,327: server_options_thread() 'Fetching server options from http://tiny.cc/variety-options-063'
ERROR: 2021-10-16 11:03:31,356: server_options_thread() 'Could not fetch Variety serverside options'
Traceback (most recent call last):
  File "/usr/lib/python3/dist-packages/urllib3/connection.py", line 169, in _new_conn
    conn = connection.create_connection(
  File "/usr/lib/python3/dist-packages/urllib3/util/connection.py", line 96, in create_connection
    raise err
  File "/usr/lib/python3/dist-packages/urllib3/util/connection.py", line 86, in create_connection
    sock.connect(sa)
OSError: [Errno 101] 网络不可达

During handling of the above exception, another exception occurred:

Traceback (most recent call last):
  File "/usr/lib/python3/dist-packages/urllib3/connectionpool.py", line 699, in urlopen
    httplib_response = self._make_request(
  File "/usr/lib/python3/dist-packages/urllib3/connectionpool.py", line 394, in _make_request
    conn.request(method, url, **httplib_request_kw)
  File "/usr/lib/python3/dist-packages/urllib3/connection.py", line 234, in request
    super(HTTPConnection, self).request(method, url, body=body, headers=headers)
  File "/usr/lib/python3.9/http/client.py", line 1279, in request
    self._send_request(method, url, body, headers, encode_chunked)
  File "/usr/lib/python3.9/http/client.py", line 1325, in _send_request
    self.endheaders(body, encode_chunked=encode_chunked)
  File "/usr/lib/python3.9/http/client.py", line 1274, in endheaders
    self._send_output(message_body, encode_chunked=encode_chunked)
  File "/usr/lib/python3.9/http/client.py", line 1034, in _send_output
    self.send(msg)
  File "/usr/lib/python3.9/http/client.py", line 974, in send
    self.connect()
  File "/usr/lib/python3/dist-packages/urllib3/connection.py", line 200, in connect
    conn = self._new_conn()
  File "/usr/lib/python3/dist-packages/urllib3/connection.py", line 181, in _new_conn
    raise NewConnectionError(
urllib3.exceptions.NewConnectionError: <urllib3.connection.HTTPConnection object at 0x7fe3a2df60a0>: Failed to establish a new connection: [Errno 101] 网络不可达

During handling of the above exception, another exception occurred:

Traceback (most recent call last):
  File "/usr/local/lib/python3.9/dist-packages/requests/adapters.py", line 439, in send
    resp = conn.urlopen(
  File "/usr/lib/python3/dist-packages/urllib3/connectionpool.py", line 755, in urlopen
    retries = retries.increment(
  File "/usr/lib/python3/dist-packages/urllib3/util/retry.py", line 574, in increment
    raise MaxRetryError(_pool, url, error or ResponseError(cause))
urllib3.exceptions.MaxRetryError: HTTPConnectionPool(host='tiny.cc', port=80): Max retries exceeded with url: /variety-options-063 (Caused by NewConnectionError('<urllib3.connection.HTTPConnection object at 0x7fe3a2df60a0>: Failed to establish a new connection: [Errno 101] 网络不可达'))

During handling of the above exception, another exception occurred:

Traceback (most recent call last):
  File "/usr/lib/python3/dist-packages/variety/VarietyWindow.py", line 1086, in server_options_thread
    self.server_options = Util.fetch_json(VarietyWindow.SERVERSIDE_OPTIONS_URL)
  File "/usr/lib/python3/dist-packages/variety/Util.py", line 644, in fetch_json
    return Util.request(url, data, **request_kwargs).json()
  File "/usr/lib/python3/dist-packages/variety/Util.py", line 614, in request
    r = requests.request(
  File "/usr/local/lib/python3.9/dist-packages/requests/api.py", line 61, in request
    return session.request(method=method, url=url, **kwargs)
  File "/usr/local/lib/python3.9/dist-packages/requests/sessions.py", line 542, in request
    resp = self.send(prep, **send_kwargs)
  File "/usr/local/lib/python3.9/dist-packages/requests/sessions.py", line 655, in send
    r = adapter.send(request, **kwargs)
  File "/usr/local/lib/python3.9/dist-packages/requests/adapters.py", line 516, in send
    raise ConnectionError(e, request=request)
requests.exceptions.ConnectionError: HTTPConnectionPool(host='tiny.cc', port=80): Max retries exceeded with url: /variety-options-063 (Caused by NewConnectionError('<urllib3.connection.HTTPConnection object at 0x7fe3a2df60a0>: Failed to establish a new connection: [Errno 101] 网络不可达'))
INFO: 2021-10-16 11:04:01,364: server_options_thread() 'Fetching server options from http://tiny.cc/variety-options-063'
ERROR: 2021-10-16 11:04:06,476: server_options_thread() 'Could not fetch Variety serverside options'
Traceback (most recent call last):
  File "/usr/lib/python3/dist-packages/urllib3/connection.py", line 169, in _new_conn
    conn = connection.create_connection(
  File "/usr/lib/python3/dist-packages/urllib3/util/connection.py", line 96, in create_connection
    raise err
  File "/usr/lib/python3/dist-packages/urllib3/util/connection.py", line 86, in create_connection
    sock.connect(sa)
OSError: [Errno 101] 网络不可达

During handling of the above exception, another exception occurred:

Traceback (most recent call last):
  File "/usr/lib/python3/dist-packages/urllib3/connectionpool.py", line 699, in urlopen
    httplib_response = self._make_request(
  File "/usr/lib/python3/dist-packages/urllib3/connectionpool.py", line 394, in _make_request
    conn.request(method, url, **httplib_request_kw)
  File "/usr/lib/python3/dist-packages/urllib3/connection.py", line 234, in request
    super(HTTPConnection, self).request(method, url, body=body, headers=headers)
  File "/usr/lib/python3.9/http/client.py", line 1279, in request
    self._send_request(method, url, body, headers, encode_chunked)
  File "/usr/lib/python3.9/http/client.py", line 1325, in _send_request
    self.endheaders(body, encode_chunked=encode_chunked)
  File "/usr/lib/python3.9/http/client.py", line 1274, in endheaders
    self._send_output(message_body, encode_chunked=encode_chunked)
  File "/usr/lib/python3.9/http/client.py", line 1034, in _send_output
    self.send(msg)
  File "/usr/lib/python3.9/http/client.py", line 974, in send
    self.connect()
  File "/usr/lib/python3/dist-packages/urllib3/connection.py", line 200, in connect
    conn = self._new_conn()
  File "/usr/lib/python3/dist-packages/urllib3/connection.py", line 181, in _new_conn
    raise NewConnectionError(
urllib3.exceptions.NewConnectionError: <urllib3.connection.HTTPConnection object at 0x7fe3c084c310>: Failed to establish a new connection: [Errno 101] 网络不可达

During handling of the above exception, another exception occurred:

Traceback (most recent call last):
  File "/usr/local/lib/python3.9/dist-packages/requests/adapters.py", line 439, in send
    resp = conn.urlopen(
  File "/usr/lib/python3/dist-packages/urllib3/connectionpool.py", line 755, in urlopen
    retries = retries.increment(
  File "/usr/lib/python3/dist-packages/urllib3/util/retry.py", line 574, in increment
    raise MaxRetryError(_pool, url, error or ResponseError(cause))
urllib3.exceptions.MaxRetryError: HTTPConnectionPool(host='tiny.cc', port=80): Max retries exceeded with url: /variety-options-063 (Caused by NewConnectionError('<urllib3.connection.HTTPConnection object at 0x7fe3c084c310>: Failed to establish a new connection: [Errno 101] 网络不可达'))

During handling of the above exception, another exception occurred:

Traceback (most recent call last):
  File "/usr/lib/python3/dist-packages/variety/VarietyWindow.py", line 1086, in server_options_thread
    self.server_options = Util.fetch_json(VarietyWindow.SERVERSIDE_OPTIONS_URL)
  File "/usr/lib/python3/dist-packages/variety/Util.py", line 644, in fetch_json
    return Util.request(url, data, **request_kwargs).json()
  File "/usr/lib/python3/dist-packages/variety/Util.py", line 614, in request
    r = requests.request(
  File "/usr/local/lib/python3.9/dist-packages/requests/api.py", line 61, in request
    return session.request(method=method, url=url, **kwargs)
  File "/usr/local/lib/python3.9/dist-packages/requests/sessions.py", line 542, in request
    resp = self.send(prep, **send_kwargs)
  File "/usr/local/lib/python3.9/dist-packages/requests/sessions.py", line 655, in send
    r = adapter.send(request, **kwargs)
  File "/usr/local/lib/python3.9/dist-packages/requests/adapters.py", line 516, in send
    raise ConnectionError(e, request=request)
requests.exceptions.ConnectionError: HTTPConnectionPool(host='tiny.cc', port=80): Max retries exceeded with url: /variety-options-063 (Caused by NewConnectionError('<urllib3.connection.HTTPConnection object at 0x7fe3c084c310>: Failed to establish a new connection: [Errno 101] 网络不可达'))
INFO: 2021-10-16 11:34:53,317: reload() 'Reloading preferences dialog'
INFO: 2021-10-16 11:34:55,196: list_files() 'More than 1 files in the folders, stop listing'
INFO: 2021-10-16 11:34:57,858: set_wallpaper() 'Calling set_wallpaper with /home/zss/图片/壁纸/浏览器/4v9k3l.jpg'
INFO: 2021-10-16 11:34:57,859: do_set_wp() 'Calling do_set_wp with /home/zss/图片/壁纸/浏览器/4v9k3l.jpg, time: 1634355297.8591166'
INFO: 2021-10-16 11:34:57,870: update_indicator() 'Setting file info to: /home/zss/图片/壁纸/浏览器/4v9k3l.jpg'
INFO: 2021-10-16 11:34:57,873: list_files() 'More than 1 files in the folders, stop listing'
INFO: 2021-10-16 11:34:58,920: update_indicator() 'Setting file info to: /home/zss/图片/壁纸/浏览器/4v9k3l.jpg'
INFO: 2021-10-16 11:34:58,935: list_files() 'More than 1 files in the folders, stop listing'
INFO: 2021-10-16 11:34:59,735: trigger_download() 'Triggering download thread to check if download needed'
INFO: 2021-10-16 11:38:34,461: reload() 'Reloading preferences dialog'
INFO: 2021-10-16 11:38:36,482: list_files() 'More than 1 files in the folders, stop listing'
INFO: 2021-10-16 11:38:37,714: set_wallpaper() 'Calling set_wallpaper with /home/zss/图片/壁纸/浏览器/43vgyn.jpg'
INFO: 2021-10-16 11:38:37,714: do_set_wp() 'Calling do_set_wp with /home/zss/图片/壁纸/浏览器/43vgyn.jpg, time: 1634355517.7149158'
INFO: 2021-10-16 11:38:37,725: update_indicator() 'Setting file info to: /home/zss/图片/壁纸/浏览器/43vgyn.jpg'
INFO: 2021-10-16 11:38:37,727: list_files() 'More than 1 files in the folders, stop listing'
INFO: 2021-10-16 11:38:56,858: set_wallpaper() 'Calling set_wallpaper with /home/zss/图片/壁纸/浏览器/792a4b6934fc491b81342206e3192e59.png'
INFO: 2021-10-16 11:38:56,859: do_set_wp() 'Calling do_set_wp with /home/zss/图片/壁纸/浏览器/792a4b6934fc491b81342206e3192e59.png, time: 1634355536.8592293'
INFO: 2021-10-16 11:38:56,874: update_indicator() 'Setting file info to: /home/zss/图片/壁纸/浏览器/792a4b6934fc491b81342206e3192e59.png'
INFO: 2021-10-16 11:38:56,899: list_files() 'More than 1 files in the folders, stop listing'
INFO: 2021-10-16 11:38:59,045: update_indicator() 'Setting file info to: /home/zss/图片/壁纸/浏览器/792a4b6934fc491b81342206e3192e59.png'
INFO: 2021-10-16 11:38:59,048: list_files() 'More than 1 files in the folders, stop listing'
INFO: 2021-10-16 11:38:59,488: trigger_download() 'Triggering download thread to check if download needed'
INFO: 2021-10-16 12:19:34,406: reload() 'Reloading preferences dialog'
INFO: 2021-10-16 12:19:41,953: apply() 'Applying preferences'
INFO: 2021-10-16 12:19:41,963: set_visible() 'Showing indicator icon'
INFO: 2021-10-16 12:19:41,964: log_options() 'Loaded options:'
INFO: 2021-10-16 12:19:41,964: set_from_theme_icon() 'Showing indicator icon variety-indicator from GTK theme'
INFO: 2021-10-16 12:19:41,964: log_options() 'change_enabled = False'
INFO: 2021-10-16 12:19:41,965: log_options() 'change_interval = 300'
INFO: 2021-10-16 12:19:41,965: log_options() 'change_on_start = False'
INFO: 2021-10-16 12:19:41,965: log_options() 'clipboard_enabled = False'
INFO: 2021-10-16 12:19:41,965: log_options() 'clipboard_hosts = ['wallhaven.cc', 'wallpapers.net', 'flickr.com', 'imgur.com', 'deviantart.com', 'interfacelift.com', 'vladstudio.com', 'imageshack.us', 'deviantart.net', 'imageshack.com']'
INFO: 2021-10-16 12:19:41,965: log_options() 'clipboard_use_whitelist = True'
INFO: 2021-10-16 12:19:41,965: log_options() 'clock_date_font = Ubuntu Condensed, 30'
INFO: 2021-10-16 12:19:41,965: log_options() 'clock_enabled = False'
INFO: 2021-10-16 12:19:41,965: log_options() 'clock_filter = -density 100 -font `fc-match -f '%{file[0]}' '%CLOCK_FONT_NAME'` -pointsize %CLOCK_FONT_SIZE -gravity SouthEast -fill '#00000044' -annotate 0x0+[%HOFFSET+58]+[%VOFFSET+108] '%H:%M' -fill white -annotate 0x0+[%HOFFSET+60]+[%VOFFSET+110] '%H:%M' -font `fc-match -f '%{file[0]}' '%DATE_FONT_NAME'` -pointsize %DATE_FONT_SIZE -fill '#00000044' -annotate 0x0+[%HOFFSET+58]+[%VOFFSET+58] '%A, %B %d' -fill white -annotate 0x0+[%HOFFSET+60]+[%VOFFSET+60] '%A, %B %d''
INFO: 2021-10-16 12:19:41,965: log_options() 'clock_font = Ubuntu Condensed, 70'
INFO: 2021-10-16 12:19:41,965: log_options() 'configfile = /home/zss/.config/variety/variety.conf'
INFO: 2021-10-16 12:19:41,965: log_options() 'copyto_enabled = False'
INFO: 2021-10-16 12:19:41,965: log_options() 'copyto_folder = Default'
INFO: 2021-10-16 12:19:41,966: log_options() 'desired_color = [160, 160, 160]'
INFO: 2021-10-16 12:19:41,966: log_options() 'desired_color_enabled = False'
INFO: 2021-10-16 12:19:41,966: log_options() 'download_folder = /home/zss/.config/variety/Downloaded'
INFO: 2021-10-16 12:19:41,966: log_options() 'download_preference_ratio = 0.9'
INFO: 2021-10-16 12:19:41,966: log_options() 'favorites_folder = /home/zss/.config/variety/Favorites'
INFO: 2021-10-16 12:19:41,966: log_options() 'favorites_operations = [['Downloaded', 'Copy'], ['Fetched', 'Move'], ['Others', 'Copy']]'
INFO: 2021-10-16 12:19:41,966: log_options() 'fetched_folder = /home/zss/.config/variety/Fetched'
INFO: 2021-10-16 12:19:41,966: log_options() 'filters = [[False, 'Keep original', ''], [False, 'Grayscale', '-type Grayscale'], [False, 'Heavy blur', '-blur 120x40'], [False, 'Soft blur', '-blur 20x7'], [False, 'Oil painting', '-paint 8'], [False, 'Pointilism', '-spread 10 -noise 3'], [False, 'Pixellate', '-scale 3% -scale 3333%']]'
INFO: 2021-10-16 12:19:41,966: log_options() 'icon = Light'
INFO: 2021-10-16 12:19:41,966: log_options() 'lightness_enabled = False'
INFO: 2021-10-16 12:19:41,966: log_options() 'lightness_mode = 0'
INFO: 2021-10-16 12:19:41,966: log_options() 'min_rating = 4'
INFO: 2021-10-16 12:19:41,966: log_options() 'min_rating_enabled = False'
INFO: 2021-10-16 12:19:41,966: log_options() 'min_size = 80'
INFO: 2021-10-16 12:19:41,966: log_options() 'min_size_enabled = False'
INFO: 2021-10-16 12:19:41,966: log_options() 'quota_enabled = True'
INFO: 2021-10-16 12:19:41,966: log_options() 'quota_size = 1000'
INFO: 2021-10-16 12:19:41,966: log_options() 'quotes_authors = '
INFO: 2021-10-16 12:19:41,966: log_options() 'quotes_bg_color = [80, 80, 80]'
INFO: 2021-10-16 12:19:41,966: log_options() 'quotes_bg_opacity = 55'
INFO: 2021-10-16 12:19:41,967: log_options() 'quotes_change_enabled = False'
INFO: 2021-10-16 12:19:41,967: log_options() 'quotes_change_interval = 300'
INFO: 2021-10-16 12:19:41,967: log_options() 'quotes_disabled_sources = ['Urban Dictionary']'
INFO: 2021-10-16 12:19:41,967: log_options() 'quotes_enabled = False'
INFO: 2021-10-16 12:19:41,967: log_options() 'quotes_favorites_file = /home/zss/.config/variety/favorite_quotes.txt'
INFO: 2021-10-16 12:19:41,967: log_options() 'quotes_font = Bitstream Charter 30'
INFO: 2021-10-16 12:19:41,967: log_options() 'quotes_hpos = 100'
INFO: 2021-10-16 12:19:41,967: log_options() 'quotes_max_length = 250'
INFO: 2021-10-16 12:19:41,967: log_options() 'quotes_tags = '
INFO: 2021-10-16 12:19:41,967: log_options() 'quotes_text_color = [255, 255, 255]'
INFO: 2021-10-16 12:19:41,967: log_options() 'quotes_text_shadow = False'
INFO: 2021-10-16 12:19:41,967: log_options() 'quotes_vpos = 40'
INFO: 2021-10-16 12:19:41,967: log_options() 'quotes_width = 70'
INFO: 2021-10-16 12:19:41,967: log_options() 'safe_mode = False'
INFO: 2021-10-16 12:19:41,967: log_options() 'slideshow_custom_enabled = False'
INFO: 2021-10-16 12:19:41,967: log_options() 'slideshow_custom_folder = /home/zss/图片'
INFO: 2021-10-16 12:19:41,967: log_options() 'slideshow_downloads_enabled = False'
INFO: 2021-10-16 12:19:41,968: log_options() 'slideshow_fade = 0.4'
INFO: 2021-10-16 12:19:41,968: log_options() 'slideshow_favorites_enabled = True'
INFO: 2021-10-16 12:19:41,968: log_options() 'slideshow_mode = Fullscreen'
INFO: 2021-10-16 12:19:41,968: log_options() 'slideshow_monitor = All'
INFO: 2021-10-16 12:19:41,968: log_options() 'slideshow_pan = 0.05'
INFO: 2021-10-16 12:19:41,968: log_options() 'slideshow_seconds = 6.0'
INFO: 2021-10-16 12:19:41,968: log_options() 'slideshow_sort_order = Random'
INFO: 2021-10-16 12:19:41,968: log_options() 'slideshow_sources_enabled = True'
INFO: 2021-10-16 12:19:41,968: log_options() 'slideshow_zoom = 0.2'
INFO: 2021-10-16 12:19:41,968: log_options() 'smart_enabled = False'
INFO: 2021-10-16 12:19:41,968: log_options() 'smart_notice_shown = False'
INFO: 2021-10-16 12:19:41,968: log_options() 'smart_register_shown = False'
INFO: 2021-10-16 12:19:41,968: log_options() 'sources = [[True, 'favorites', 'The Favorites folder'], [False, 'fetched', 'The Fetched folder'], [False, 'folder', '/usr/share/backgrounds'], [False, 'flickr', 'user:www.flickr.com/photos/peter-levi/;user_id:93647178@N00;'], [False, 'apod', "NASA's Astronomy Picture of the Day"], [False, 'bing', 'Bing Photo of the Day'], [False, 'earthview', 'Google Earth View Wallpapers'], [False, 'unsplash', 'High-resolution photos from Unsplash.com'], [True, 'folder', '/home/zss/图片/壁纸/浏览器']]'
INFO: 2021-10-16 12:19:41,968: log_options() 'stats_enabled = True'
INFO: 2021-10-16 12:19:41,968: log_options() 'stats_notice_shown = False'
INFO: 2021-10-16 12:19:41,968: log_options() 'sync_enabled = True'
INFO: 2021-10-16 12:19:41,968: log_options() 'use_landscape_enabled = True'
INFO: 2021-10-16 12:19:41,968: clear_prepared_queue() 'Clearing prepared queue'
INFO: 2021-10-16 12:19:41,969: update_indicator() 'Setting file info to: /home/zss/图片/壁纸/浏览器/792a4b6934fc491b81342206e3192e59.png'
INFO: 2021-10-16 12:19:41,969: prepare_thread() 'Prepared buffer contains 0 images'
INFO: 2021-10-16 12:19:41,969: prepare_thread() 'Preparing some images'
INFO: 2021-10-16 12:19:41,974: list_files() 'More than 1 files in the folders, stop listing'
INFO: 2021-10-16 12:19:41,975: regular_change_thread() 'regular_change: waiting till user resumes'
ERROR: 2021-10-16 12:19:41,986: image_ok() 'Error in image_ok for file /home/zss/图片/壁纸/浏览器/ea581833bb3743ce9dde81e4531e2fbd.png'
Traceback (most recent call last):
  File "/usr/lib/python3/dist-packages/variety/VarietyWindow.py", line 1758, in image_ok
    i = PILImage.open(img)
  File "/usr/lib/python3/dist-packages/PIL/Image.py", line 2958, in open
    raise UnidentifiedImageError(
PIL.UnidentifiedImageError: cannot identify image file '/home/zss/图片/壁纸/浏览器/ea581833bb3743ce9dde81e4531e2fbd.png'
INFO: 2021-10-16 12:19:41,989: prepare_thread() 'After search prepared buffer contains 50 images'
INFO: 2021-10-16 12:19:41,990: prepare_thread() 'Prepared buffer contains 50 images'
INFO: 2021-10-16 12:19:42,076: do_set_wp() 'Calling do_set_wp with /home/zss/图片/壁纸/浏览器/792a4b6934fc491b81342206e3192e59.png, time: 1634357982.0760455'
INFO: 2021-10-16 12:19:42,088: update_indicator() 'Setting file info to: /home/zss/图片/壁纸/浏览器/792a4b6934fc491b81342206e3192e59.png'
INFO: 2021-10-16 12:19:42,091: list_files() 'More than 1 files in the folders, stop listing'
INFO: 2021-10-16 12:19:43,111: apply() 'Applying preferences'
INFO: 2021-10-16 12:19:43,120: set_visible() 'Showing indicator icon'
INFO: 2021-10-16 12:19:43,120: set_from_theme_icon() 'Showing indicator icon variety-indicator from GTK theme'
INFO: 2021-10-16 12:19:43,121: log_options() 'Loaded options:'
INFO: 2021-10-16 12:19:43,121: log_options() 'change_enabled = False'
INFO: 2021-10-16 12:19:43,121: log_options() 'change_interval = 300'
INFO: 2021-10-16 12:19:43,121: log_options() 'change_on_start = False'
INFO: 2021-10-16 12:19:43,121: log_options() 'clipboard_enabled = False'
INFO: 2021-10-16 12:19:43,121: log_options() 'clipboard_hosts = ['wallhaven.cc', 'wallpapers.net', 'flickr.com', 'imgur.com', 'deviantart.com', 'interfacelift.com', 'vladstudio.com', 'imageshack.us', 'deviantart.net', 'imageshack.com']'
INFO: 2021-10-16 12:19:43,121: log_options() 'clipboard_use_whitelist = True'
INFO: 2021-10-16 12:19:43,121: log_options() 'clock_date_font = Ubuntu Condensed, 30'
INFO: 2021-10-16 12:19:43,121: log_options() 'clock_enabled = False'
INFO: 2021-10-16 12:19:43,121: log_options() 'clock_filter = -density 100 -font `fc-match -f '%{file[0]}' '%CLOCK_FONT_NAME'` -pointsize %CLOCK_FONT_SIZE -gravity SouthEast -fill '#00000044' -annotate 0x0+[%HOFFSET+58]+[%VOFFSET+108] '%H:%M' -fill white -annotate 0x0+[%HOFFSET+60]+[%VOFFSET+110] '%H:%M' -font `fc-match -f '%{file[0]}' '%DATE_FONT_NAME'` -pointsize %DATE_FONT_SIZE -fill '#00000044' -annotate 0x0+[%HOFFSET+58]+[%VOFFSET+58] '%A, %B %d' -fill white -annotate 0x0+[%HOFFSET+60]+[%VOFFSET+60] '%A, %B %d''
INFO: 2021-10-16 12:19:43,121: log_options() 'clock_font = Ubuntu Condensed, 70'
INFO: 2021-10-16 12:19:43,121: log_options() 'configfile = /home/zss/.config/variety/variety.conf'
INFO: 2021-10-16 12:19:43,121: log_options() 'copyto_enabled = False'
INFO: 2021-10-16 12:19:43,121: log_options() 'copyto_folder = Default'
INFO: 2021-10-16 12:19:43,121: log_options() 'desired_color = [160, 160, 160]'
INFO: 2021-10-16 12:19:43,121: log_options() 'desired_color_enabled = False'
INFO: 2021-10-16 12:19:43,121: log_options() 'download_folder = /home/zss/.config/variety/Downloaded'
INFO: 2021-10-16 12:19:43,121: log_options() 'download_preference_ratio = 0.9'
INFO: 2021-10-16 12:19:43,121: log_options() 'favorites_folder = /home/zss/.config/variety/Favorites'
INFO: 2021-10-16 12:19:43,121: log_options() 'favorites_operations = [['Downloaded', 'Copy'], ['Fetched', 'Move'], ['Others', 'Copy']]'
INFO: 2021-10-16 12:19:43,121: log_options() 'fetched_folder = /home/zss/.config/variety/Fetched'
INFO: 2021-10-16 12:19:43,121: log_options() 'filters = [[False, 'Keep original', ''], [False, 'Grayscale', '-type Grayscale'], [False, 'Heavy blur', '-blur 120x40'], [False, 'Soft blur', '-blur 20x7'], [False, 'Oil painting', '-paint 8'], [False, 'Pointilism', '-spread 10 -noise 3'], [False, 'Pixellate', '-scale 3% -scale 3333%']]'
INFO: 2021-10-16 12:19:43,121: log_options() 'icon = Light'
INFO: 2021-10-16 12:19:43,121: log_options() 'lightness_enabled = False'
INFO: 2021-10-16 12:19:43,122: log_options() 'lightness_mode = 0'
INFO: 2021-10-16 12:19:43,122: log_options() 'min_rating = 4'
INFO: 2021-10-16 12:19:43,122: log_options() 'min_rating_enabled = False'
INFO: 2021-10-16 12:19:43,122: log_options() 'min_size = 80'
INFO: 2021-10-16 12:19:43,122: log_options() 'min_size_enabled = False'
INFO: 2021-10-16 12:19:43,122: log_options() 'quota_enabled = True'
INFO: 2021-10-16 12:19:43,122: log_options() 'quota_size = 1000'
INFO: 2021-10-16 12:19:43,122: log_options() 'quotes_authors = '
INFO: 2021-10-16 12:19:43,122: log_options() 'quotes_bg_color = [80, 80, 80]'
INFO: 2021-10-16 12:19:43,122: log_options() 'quotes_bg_opacity = 55'
INFO: 2021-10-16 12:19:43,122: log_options() 'quotes_change_enabled = False'
INFO: 2021-10-16 12:19:43,122: log_options() 'quotes_change_interval = 300'
INFO: 2021-10-16 12:19:43,122: log_options() 'quotes_disabled_sources = ['Urban Dictionary']'
INFO: 2021-10-16 12:19:43,122: log_options() 'quotes_enabled = False'
INFO: 2021-10-16 12:19:43,122: log_options() 'quotes_favorites_file = /home/zss/.config/variety/favorite_quotes.txt'
INFO: 2021-10-16 12:19:43,122: log_options() 'quotes_font = Bitstream Charter 30'
INFO: 2021-10-16 12:19:43,122: log_options() 'quotes_hpos = 100'
INFO: 2021-10-16 12:19:43,122: log_options() 'quotes_max_length = 250'
INFO: 2021-10-16 12:19:43,122: log_options() 'quotes_tags = '
INFO: 2021-10-16 12:19:43,122: log_options() 'quotes_text_color = [255, 255, 255]'
INFO: 2021-10-16 12:19:43,122: log_options() 'quotes_text_shadow = False'
INFO: 2021-10-16 12:19:43,122: log_options() 'quotes_vpos = 40'
INFO: 2021-10-16 12:19:43,122: log_options() 'quotes_width = 70'
INFO: 2021-10-16 12:19:43,122: log_options() 'safe_mode = False'
INFO: 2021-10-16 12:19:43,122: log_options() 'slideshow_custom_enabled = False'
INFO: 2021-10-16 12:19:43,122: log_options() 'slideshow_custom_folder = /home/zss/图片'
INFO: 2021-10-16 12:19:43,123: log_options() 'slideshow_downloads_enabled = False'
INFO: 2021-10-16 12:19:43,123: log_options() 'slideshow_fade = 0.4'
INFO: 2021-10-16 12:19:43,123: log_options() 'slideshow_favorites_enabled = True'
INFO: 2021-10-16 12:19:43,123: log_options() 'slideshow_mode = Fullscreen'
INFO: 2021-10-16 12:19:43,123: log_options() 'slideshow_monitor = All'
INFO: 2021-10-16 12:19:43,123: log_options() 'slideshow_pan = 0.05'
INFO: 2021-10-16 12:19:43,123: log_options() 'slideshow_seconds = 6.0'
INFO: 2021-10-16 12:19:43,123: log_options() 'slideshow_sort_order = Random'
INFO: 2021-10-16 12:19:43,123: log_options() 'slideshow_sources_enabled = True'
INFO: 2021-10-16 12:19:43,123: log_options() 'slideshow_zoom = 0.2'
INFO: 2021-10-16 12:19:43,123: log_options() 'smart_enabled = False'
INFO: 2021-10-16 12:19:43,123: log_options() 'smart_notice_shown = False'
INFO: 2021-10-16 12:19:43,123: log_options() 'smart_register_shown = False'
INFO: 2021-10-16 12:19:43,123: log_options() 'sources = [[True, 'favorites', 'The Favorites folder'], [False, 'fetched', 'The Fetched folder'], [False, 'folder', '/usr/share/backgrounds'], [False, 'flickr', 'user:www.flickr.com/photos/peter-levi/;user_id:93647178@N00;'], [False, 'apod', "NASA's Astronomy Picture of the Day"], [False, 'bing', 'Bing Photo of the Day'], [False, 'earthview', 'Google Earth View Wallpapers'], [False, 'unsplash', 'High-resolution photos from Unsplash.com'], [False, 'folder', '/home/zss/图片/壁纸/浏览器']]'
INFO: 2021-10-16 12:19:43,123: log_options() 'stats_enabled = True'
INFO: 2021-10-16 12:19:43,123: log_options() 'stats_notice_shown = False'
INFO: 2021-10-16 12:19:43,123: log_options() 'sync_enabled = True'
INFO: 2021-10-16 12:19:43,123: log_options() 'use_landscape_enabled = True'
INFO: 2021-10-16 12:19:43,123: clear_prepared_queue() 'Clearing prepared queue'
INFO: 2021-10-16 12:19:43,123: update_indicator() 'Setting file info to: /home/zss/图片/壁纸/浏览器/792a4b6934fc491b81342206e3192e59.png'
INFO: 2021-10-16 12:19:43,124: prepare_thread() 'Prepared buffer contains 0 images'
INFO: 2021-10-16 12:19:43,124: prepare_thread() 'Preparing some images'
INFO: 2021-10-16 12:19:43,124: prepare_thread() 'After search prepared buffer contains 0 images'
INFO: 2021-10-16 12:19:43,127: list_files() 'More than 1 files in the folders, stop listing'
INFO: 2021-10-16 12:19:43,127: prepare_thread() 'Prepared buffer contains 0 images'
INFO: 2021-10-16 12:19:43,127: prepare_thread() 'Preparing some images'
INFO: 2021-10-16 12:19:43,128: regular_change_thread() 'regular_change: waiting till user resumes'
INFO: 2021-10-16 12:19:43,128: prepare_thread() 'After search prepared buffer contains 0 images'
INFO: 2021-10-16 12:19:43,228: do_set_wp() 'Calling do_set_wp with /home/zss/图片/壁纸/浏览器/792a4b6934fc491b81342206e3192e59.png, time: 1634357983.2284691'
INFO: 2021-10-16 12:19:43,244: update_indicator() 'Setting file info to: /home/zss/图片/壁纸/浏览器/792a4b6934fc491b81342206e3192e59.png'
INFO: 2021-10-16 12:19:43,248: list_files() 'More than 1 files in the folders, stop listing'
INFO: 2021-10-16 12:19:43,315: list_files() 'More than 1 files in the folders, stop listing'
INFO: 2021-10-16 12:19:43,990: trigger_download() 'Triggering download thread to check if download needed'
INFO: 2021-10-16 12:19:43,990: trigger_download() 'Triggering download thread to check if download needed'
INFO: 2021-10-16 12:19:45,125: trigger_download() 'Triggering download thread to check if download needed'
INFO: 2021-10-16 12:19:45,128: trigger_download() 'Triggering download thread to check if download needed'
INFO: 2021-10-16 12:19:45,376: update_indicator() 'Setting file info to: /home/zss/图片/壁纸/浏览器/792a4b6934fc491b81342206e3192e59.png'
INFO: 2021-10-16 12:19:45,379: list_files() 'More than 1 files in the folders, stop listing'
INFO: 2021-10-16 12:20:08,720: trigger_download() 'Triggering download thread to check if download needed'
